<?xml version="1.0" encoding="UTF-8"?>
<!-- Generated by org.testng.reporters.JUnitXMLReporter -->
<testsuite ignored="0" hostname="KANVIKA" failures="0" tests="4" name="Default test" time="40.864" errors="0" timestamp="2023-02-05T17:01:06 EST">
  <testcase classname="com.testscenarios.TS002_JRI_Login" name="tc_10" time="14.881"/>
  <testcase classname="com.testscenarios.TS002_JRI_Login" name="tc_11" time="1.333"/>
  <testcase classname="com.testscenarios.TS002_JRI_Login" name="tc_12" time="2.802"/>
  <testcase classname="com.testscenarios.TS002_JRI_Login" name="tc_13" time="21.735"/>
</testsuite> <!-- Default test -->
