<?xml version="1.0" encoding="UTF-8"?>
<!-- Generated by org.testng.reporters.JUnitXMLReporter -->
<testsuite ignored="0" hostname="KANVIKA" failures="0" tests="4" name="Default test" time="74.053" errors="0" timestamp="2023-02-06T23:37:02 EST">
  <testcase classname="com.testscenarios.TS001_JRI_CreateAccount" name="tc_01" time="14.62"/>
  <testcase classname="com.testscenarios.TS001_JRI_CreateAccount" name="tc_02" time="4.261"/>
  <testcase classname="com.testscenarios.TS001_JRI_CreateAccount" name="tc_03_to_tc_08" time="38.746"/>
  <testcase classname="com.testscenarios.TS001_JRI_CreateAccount" name="tc_09" time="16.339"/>
</testsuite> <!-- Default test -->
