<?xml version="1.0" encoding="UTF-8"?>
<testng-results ignored="0" total="4" passed="4" failed="0" skipped="0">
  <reporter-output>
  </reporter-output>
  <suite started-at="2023-02-06T23:35:48 EST" name="Default suite" finished-at="2023-02-06T23:37:02 EST" duration-ms="74053">
    <groups>
    </groups>
    <test started-at="2023-02-06T23:35:48 EST" name="Default test" finished-at="2023-02-06T23:37:02 EST" duration-ms="74053">
      <class name="com.testscenarios.TS001_JRI_CreateAccount">
        <test-method signature="tc_01()[pri:0, instance:com.testscenarios.TS001_JRI_CreateAccount@4f80542f]" started-at="2023-02-06T23:35:48 EST" name="tc_01" finished-at="2023-02-06T23:36:03 EST" duration-ms="14620" status="PASS">
          <reporter-output>
          </reporter-output>
        </test-method> <!-- tc_01 -->
        <test-method signature="tc_02()[pri:0, instance:com.testscenarios.TS001_JRI_CreateAccount@4f80542f]" started-at="2023-02-06T23:36:03 EST" name="tc_02" finished-at="2023-02-06T23:36:07 EST" duration-ms="4261" status="PASS">
          <reporter-output>
          </reporter-output>
        </test-method> <!-- tc_02 -->
        <test-method signature="tc_03_to_tc_08()[pri:0, instance:com.testscenarios.TS001_JRI_CreateAccount@4f80542f]" started-at="2023-02-06T23:36:07 EST" name="tc_03_to_tc_08" finished-at="2023-02-06T23:36:46 EST" duration-ms="38746" status="PASS">
          <reporter-output>
          </reporter-output>
        </test-method> <!-- tc_03_to_tc_08 -->
        <test-method signature="tc_09()[pri:0, instance:com.testscenarios.TS001_JRI_CreateAccount@4f80542f]" started-at="2023-02-06T23:36:46 EST" name="tc_09" finished-at="2023-02-06T23:37:02 EST" duration-ms="16339" status="PASS">
          <reporter-output>
          </reporter-output>
        </test-method> <!-- tc_09 -->
      </class> <!-- com.testscenarios.TS001_JRI_CreateAccount -->
    </test> <!-- Default test -->
  </suite> <!-- Default suite -->
</testng-results>
