<?xml version="1.0" encoding="UTF-8"?>
<testng-results ignored="0" total="3" passed="3" failed="0" skipped="0">
  <reporter-output>
  </reporter-output>
  <suite started-at="2023-02-08T19:00:26 EST" name="Default suite" finished-at="2023-02-08T19:01:10 EST" duration-ms="44297">
    <groups>
    </groups>
    <test started-at="2023-02-08T19:00:26 EST" name="Default test" finished-at="2023-02-08T19:01:10 EST" duration-ms="44297">
      <class name="com.testscenarios.TS002_JRI_Login">
        <test-method signature="tc_10()[pri:0, instance:com.testscenarios.TS002_JRI_Login@130c12b7]" started-at="2023-02-08T19:00:26 EST" name="tc_10" finished-at="2023-02-08T19:00:39 EST" duration-ms="12590" status="PASS">
          <reporter-output>
          </reporter-output>
        </test-method> <!-- tc_10 -->
        <test-method signature="tc_11()[pri:0, instance:com.testscenarios.TS002_JRI_Login@130c12b7]" started-at="2023-02-08T19:00:39 EST" name="tc_11" finished-at="2023-02-08T19:00:43 EST" duration-ms="3768" status="PASS">
          <reporter-output>
          </reporter-output>
        </test-method> <!-- tc_11 -->
        <test-method signature="tc_16_to_19()[pri:0, instance:com.testscenarios.TS002_JRI_Login@130c12b7]" started-at="2023-02-08T19:00:43 EST" name="tc_16_to_19" finished-at="2023-02-08T19:01:10 EST" duration-ms="27860" status="PASS">
          <reporter-output>
          </reporter-output>
        </test-method> <!-- tc_16_to_19 -->
      </class> <!-- com.testscenarios.TS002_JRI_Login -->
    </test> <!-- Default test -->
  </suite> <!-- Default suite -->
</testng-results>
